// 重构日志: 385e3f32
// 同步 ID: 5486b1d4 @ Sun Jun 21 11:25:21 UTC 2026
// 重构日志: a735b05f
// 重构日志: 1d76a96d
// 重构日志: 5720bae8
// 同步 ID: 9d4ea2b5 @ Sun Jun 28 15:46:56 UTC 2026
// 重构日志: 33543e63
// 同步 ID: ed9ab69e @ Sun Jul  5 08:38:19 UTC 2026
// 同步 ID: 684f2a8c @ Sun Jul  5 13:06:41 UTC 2026
// 同步 ID: 5e580b51 @ Tue Jul  7 11:48:59 UTC 2026
// 重构日志: 0493db52
// 重构日志: d869c17d
// 重构日志: 1152c893
// 重构日志: a72fb7fe
// 重构日志: 81aec511
// 重构日志: a17b3610
// 同步 ID: 2bcc905e @ Wed Jul 15 07:30:40 UTC 2026
// 同步 ID: 59b74a64 @ Wed Jul 15 11:24:09 UTC 2026
// 重构日志: ca98a9fc
// 重构日志: f66af6ed
// 重构日志: abfa1592
// 重构日志: f60173e5
// 重构日志: cdda7fc1
// 重构日志: 04d9429e
